2023-05-14 17:53:56 DEBUG - Got browser profile options from settings file: 
{disable-popup-blocking=true, profile.default_content_settings.popups=0, download.prompt_for_download=false, intl.accept_languages=en, safebrowsing.enabled=true, download.default_directory=./downloads}
2023-05-14 17:53:56 DEBUG - Got browser start arguments from settings file: 
[--remote-allow-origins=*]
2023-05-14 17:53:56 DEBUG - Got browser logging preferences from settings file: 
{Performance=All}
2023-05-14 17:53:56 DEBUG - Using Log4J2 as the default logging framework
2023-05-14 17:53:56 DEBUG - -Dio.netty.leakDetection.level: simple
2023-05-14 17:53:56 DEBUG - -Dio.netty.leakDetection.targetRecords: 4
2023-05-14 17:53:57 DEBUG - Loaded default ResourceLeakDetector: io.netty.util.ResourceLeakDetector@29a1505c
2023-05-14 17:53:57 DEBUG - -Dio.netty.noUnsafe: false
2023-05-14 17:53:57 DEBUG - Java version: 19
2023-05-14 17:53:57 DEBUG - sun.misc.Unsafe.theUnsafe: available
2023-05-14 17:53:57 DEBUG - sun.misc.Unsafe.copyMemory: available
2023-05-14 17:53:57 DEBUG - sun.misc.Unsafe.storeFence: available
2023-05-14 17:53:57 DEBUG - java.nio.Buffer.address: available
2023-05-14 17:53:57 DEBUG - direct buffer constructor: unavailable: Reflective setAccessible(true) disabled
2023-05-14 17:53:57 DEBUG - java.nio.Bits.unaligned: available, true
2023-05-14 17:53:57 DEBUG - jdk.internal.misc.Unsafe.allocateUninitializedArray(int): unavailable: class io.netty.util.internal.PlatformDependent0$7 cannot access class jdk.internal.misc.Unsafe (in module java.base) because module java.base does not export jdk.internal.misc to unnamed module @2bea5ab4
2023-05-14 17:53:57 DEBUG - java.nio.DirectByteBuffer.<init>(long, int): unavailable
2023-05-14 17:53:57 DEBUG - sun.misc.Unsafe: available
2023-05-14 17:53:57 DEBUG - maxDirectMemory: 3185573888 bytes (maybe)
2023-05-14 17:53:57 DEBUG - -Dio.netty.tmpdir: C:\Users\anisi\AppData\Local\Temp (java.io.tmpdir)
2023-05-14 17:53:57 DEBUG - -Dio.netty.bitMode: 64 (sun.arch.data.model)
2023-05-14 17:53:57 DEBUG - Platform: Windows
2023-05-14 17:53:57 DEBUG - -Dio.netty.maxDirectMemory: -1 bytes
2023-05-14 17:53:57 DEBUG - -Dio.netty.uninitializedArrayAllocationThreshold: -1
2023-05-14 17:53:57 DEBUG - java.nio.ByteBuffer.cleaner(): available
2023-05-14 17:53:57 DEBUG - -Dio.netty.noPreferDirect: false
2023-05-14 17:53:57 DEBUG - org.jctools-core.MpscChunkedArrayQueue: available
2023-05-14 17:53:57 DEBUG - -Dio.netty.threadLocalMap.stringBuilder.initialSize: 1024
2023-05-14 17:53:57 DEBUG - -Dio.netty.threadLocalMap.stringBuilder.maxSize: 4096
2023-05-14 17:53:57 DEBUG - Default protocols (JDK): [TLSv1.3, TLSv1.2] 
2023-05-14 17:53:57 DEBUG - Default cipher suites (JDK): [TLS_ECDHE_ECDSA_WITH_AES_256_GCM_SHA384, TLS_ECDHE_ECDSA_WITH_AES_128_GCM_SHA256, TLS_ECDHE_RSA_WITH_AES_128_GCM_SHA256, TLS_ECDHE_RSA_WITH_AES_256_GCM_SHA384, TLS_ECDHE_RSA_WITH_AES_128_CBC_SHA, TLS_ECDHE_RSA_WITH_AES_256_CBC_SHA, TLS_RSA_WITH_AES_128_GCM_SHA256, TLS_RSA_WITH_AES_128_CBC_SHA, TLS_RSA_WITH_AES_256_CBC_SHA, TLS_AES_128_GCM_SHA256, TLS_AES_256_GCM_SHA384]
2023-05-14 17:53:57 DEBUG - -Dio.netty.eventLoopThreads: 16
2023-05-14 17:53:57 DEBUG - -Dio.netty.noKeySetOptimization: false
2023-05-14 17:53:57 DEBUG - -Dio.netty.selectorAutoRebuildThreshold: 512
2023-05-14 17:53:57 DEBUG - -Dio.netty.allocator.numHeapArenas: 16
2023-05-14 17:53:57 DEBUG - -Dio.netty.allocator.numDirectArenas: 16
2023-05-14 17:53:57 DEBUG - -Dio.netty.allocator.pageSize: 8192
2023-05-14 17:53:57 DEBUG - -Dio.netty.allocator.maxOrder: 9
2023-05-14 17:53:57 DEBUG - -Dio.netty.allocator.chunkSize: 4194304
2023-05-14 17:53:57 DEBUG - -Dio.netty.allocator.smallCacheSize: 256
2023-05-14 17:53:57 DEBUG - -Dio.netty.allocator.normalCacheSize: 64
2023-05-14 17:53:57 DEBUG - -Dio.netty.allocator.maxCachedBufferCapacity: 32768
2023-05-14 17:53:57 DEBUG - -Dio.netty.allocator.cacheTrimInterval: 8192
2023-05-14 17:53:57 DEBUG - -Dio.netty.allocator.cacheTrimIntervalMillis: 0
2023-05-14 17:53:57 DEBUG - -Dio.netty.allocator.useCacheForAllThreads: false
2023-05-14 17:53:57 DEBUG - -Dio.netty.allocator.maxCachedByteBuffersPerChunk: 1023
2023-05-14 17:53:57 DEBUG - -Dio.netty.allocator.type: pooled
2023-05-14 17:53:57 DEBUG - -Dio.netty.threadLocalDirectBufferSize: 0
2023-05-14 17:53:57 DEBUG - -Dio.netty.maxThreadLocalCharBufferSize: 16384
2023-05-14 17:53:57 DEBUG - -Dio.netty.processId: 18220 (auto-detected)
2023-05-14 17:53:57 DEBUG - -Djava.net.preferIPv4Stack: false
2023-05-14 17:53:57 DEBUG - -Djava.net.preferIPv6Addresses: false
2023-05-14 17:53:57 DEBUG - Loopback interface: lo (Software Loopback Interface 1, 127.0.0.1)
2023-05-14 17:53:57 DEBUG - Failed to get SOMAXCONN from sysctl and file \proc\sys\net\core\somaxconn. Default: 200
2023-05-14 17:53:57 DEBUG - -Dio.netty.machineId: 98:e7:f4:ff:fe:69:63:c0 (auto-detected)
2023-05-14 17:53:57 DEBUG - -Dio.netty.buffer.checkAccessible: true
2023-05-14 17:53:57 DEBUG - -Dio.netty.buffer.checkBounds: true
2023-05-14 17:53:57 DEBUG - Loaded default ResourceLeakDetector: io.netty.util.ResourceLeakDetector@7b2414c2
2023-05-14 17:53:57 DEBUG - -Dio.netty.recycler.maxCapacityPerThread: 4096
2023-05-14 17:53:57 DEBUG - -Dio.netty.recycler.ratio: 8
2023-05-14 17:53:57 DEBUG - -Dio.netty.recycler.chunkSize: 32
2023-05-14 17:53:57 DEBUG - -Dio.netty.recycler.blocking: false
2023-05-14 17:53:58 DEBUG - brotli4j not in the classpath; Brotli support will be unavailable.
2023-05-14 17:53:58 DEBUG - -Dio.netty.initialSeedUniquifier: 0x525021f47d37cc98
2023-05-14 17:53:58 DEBUG - Set '15' timeout in seconds for loading of pages
2023-05-14 17:53:58 DEBUG - Set async javascript execution timeout '10' in seconds
2023-05-14 17:53:58 INFO  - Browser 'CHROME' ready...
2023-05-14 17:53:58 INFO  - Maximizing browser window
2023-05-14 17:53:58 INFO  - Navigate to url - 'https://userinyerface.com/'
2023-05-14 17:54:00 INFO  - Waiting for page to load
2023-05-14 17:54:00 INFO  - Link 'HERE link' :: Clicking
2023-05-14 17:54:00 INFO  - Waiting for page to load
2023-05-14 17:54:01 INFO  - Button 'Accept cookies button' :: Clicking
2023-05-14 17:54:03 DEBUG - No elements with locator 'By.xpath: //div[@class = 'cookies' ]//descendant :: button[contains(text(),'no')]' were found in DISPLAYED state
2023-05-14 17:54:03 INFO  - Closing browser
2023-05-14 17:54:03 DEBUG - Got browser profile options from settings file: 
{disable-popup-blocking=true, profile.default_content_settings.popups=0, download.prompt_for_download=false, intl.accept_languages=en, safebrowsing.enabled=true, download.default_directory=./downloads}
2023-05-14 17:54:03 DEBUG - Got browser start arguments from settings file: 
[--remote-allow-origins=*]
2023-05-14 17:54:03 DEBUG - Got browser logging preferences from settings file: 
{Performance=All}
2023-05-14 17:54:04 DEBUG - Set '15' timeout in seconds for loading of pages
2023-05-14 17:54:04 DEBUG - Set async javascript execution timeout '10' in seconds
2023-05-14 17:54:04 INFO  - Browser 'CHROME' ready...
2023-05-14 17:54:04 INFO  - Maximizing browser window
2023-05-14 17:54:04 INFO  - Navigate to url - 'https://userinyerface.com/'
2023-05-14 17:54:05 INFO  - Waiting for page to load
2023-05-14 17:54:05 INFO  - Link 'HERE link' :: Clicking
2023-05-14 17:54:06 INFO  - Waiting for page to load
2023-05-14 17:54:06 INFO  - Button 'Hide help button' :: Clicking
2023-05-14 17:54:06 INFO  - Text Field 'Help form div' :: Waiting for element to be invisible or absent
2023-05-14 17:54:06 DEBUG - No elements with locator 'By.xpath: //div [ @class = 'help-form' ]' were found in DISPLAYED state
2023-05-14 17:54:06 INFO  - Label 'Help form' :: Waiting for element to be invisible or absent
2023-05-14 17:54:06 DEBUG - No elements with locator 'By.xpath: //div [ @class = 'help-form' ]' were found in DISPLAYED state
2023-05-14 17:54:06 DEBUG - No elements with locator 'By.xpath: //div [ @class = 'help-form' ]' were found in DISPLAYED state
2023-05-14 17:54:06 INFO  - Closing browser
2023-05-14 17:54:06 DEBUG - Got browser profile options from settings file: 
{disable-popup-blocking=true, profile.default_content_settings.popups=0, download.prompt_for_download=false, intl.accept_languages=en, safebrowsing.enabled=true, download.default_directory=./downloads}
2023-05-14 17:54:06 DEBUG - Got browser start arguments from settings file: 
[--remote-allow-origins=*]
2023-05-14 17:54:06 DEBUG - Got browser logging preferences from settings file: 
{Performance=All}
2023-05-14 17:54:07 DEBUG - Set '15' timeout in seconds for loading of pages
2023-05-14 17:54:07 DEBUG - Set async javascript execution timeout '10' in seconds
2023-05-14 17:54:07 INFO  - Browser 'CHROME' ready...
2023-05-14 17:54:07 INFO  - Maximizing browser window
2023-05-14 17:54:07 INFO  - Navigate to url - 'https://userinyerface.com/'
2023-05-14 17:54:09 INFO  - Waiting for page to load
2023-05-14 17:54:09 INFO  - Link 'HERE link' :: Clicking
2023-05-14 17:54:09 INFO  - Waiting for page to load
2023-05-14 17:54:09 INFO  - Text Field 'Password field' :: Clearing
2023-05-14 17:54:09 INFO  - Text Field 'Password field' :: Typing 'autWXOW7Rvvtw5UWj8MyWv7'
2023-05-14 17:54:09 INFO  - Text Field 'Email field' :: Clearing
2023-05-14 17:54:09 INFO  - Text Field 'Email field' :: Typing 'aZq49v7vNKmUConmWOOucw22F5b'
2023-05-14 17:54:10 INFO  - Text Field 'Domain field' :: Clearing
2023-05-14 17:54:10 INFO  - Text Field 'Domain field' :: Typing 'VA5YK0NDwFg6UKbh9RbxKQEFb'
2023-05-14 17:54:10 INFO  - Button 'Dropdown header' :: Clicking
2023-05-14 17:54:10 INFO  - ComboBox 'Dropdown list' :: Waiting for element to be displayed
2023-05-14 17:54:11 INFO  - Button 'element 6' :: Clicking
2023-05-14 17:54:11 INFO  - ComboBox 'Dropdown list' :: Waiting for element to be invisible or absent
2023-05-14 17:54:11 DEBUG - Elements were found by locator 'By.xpath: //div[@class = 'dropdown__list']' but not in desired state DISPLAYED
2023-05-14 17:54:11 INFO  - CheckBox 'Terms & Conditions check box' :: Setting value - 'true'
2023-05-14 17:54:11 INFO  - CheckBox 'Terms & Conditions check box' :: Clicking
2023-05-14 17:54:12 INFO  - Button 'Next button' :: Clicking
2023-05-14 17:54:12 INFO  - Waiting for page to load
2023-05-14 17:54:12 INFO  - Button 'Upload button' :: Clicking
2023-05-14 17:54:13 INFO  - Text Field 'Uploaded image' :: Waiting for element to be displayed
2023-05-14 17:54:14 INFO  - CheckBox 'element 21' :: Setting value - 'true'
2023-05-14 17:54:14 INFO  - CheckBox 'element 21' :: Clicking
2023-05-14 17:54:14 INFO  - CheckBox 'element 12' :: Setting value - 'true'
2023-05-14 17:54:14 INFO  - CheckBox 'element 12' :: Clicking
2023-05-14 17:54:15 INFO  - CheckBox 'element 1' :: Setting value - 'true'
2023-05-14 17:54:15 INFO  - CheckBox 'element 1' :: Clicking
2023-05-14 17:54:15 INFO  - CheckBox 'element 9' :: Setting value - 'true'
2023-05-14 17:54:15 INFO  - CheckBox 'element 9' :: Clicking
2023-05-14 17:54:15 INFO  - Button 'Next button' :: Clicking
2023-05-14 17:54:15 INFO  - Waiting for page to load
2023-05-14 17:54:15 INFO  - Closing browser
2023-05-14 17:54:15 DEBUG - Got browser profile options from settings file: 
{disable-popup-blocking=true, profile.default_content_settings.popups=0, download.prompt_for_download=false, intl.accept_languages=en, safebrowsing.enabled=true, download.default_directory=./downloads}
2023-05-14 17:54:15 DEBUG - Got browser start arguments from settings file: 
[--remote-allow-origins=*]
2023-05-14 17:54:15 DEBUG - Got browser logging preferences from settings file: 
{Performance=All}
2023-05-14 17:54:16 DEBUG - Set '15' timeout in seconds for loading of pages
2023-05-14 17:54:16 DEBUG - Set async javascript execution timeout '10' in seconds
2023-05-14 17:54:16 INFO  - Browser 'CHROME' ready...
2023-05-14 17:54:16 INFO  - Maximizing browser window
2023-05-14 17:54:16 INFO  - Navigate to url - 'https://userinyerface.com/'
2023-05-14 17:54:18 INFO  - Waiting for page to load
2023-05-14 17:54:18 INFO  - Link 'HERE link' :: Clicking
2023-05-14 17:54:18 INFO  - Waiting for page to load
2023-05-14 17:54:18 INFO  - Text Field 'Timer' :: Getting text from element
2023-05-14 17:54:18 INFO  - Text Field 'Timer' :: Element's text: [00:00:00]
2023-05-14 17:54:18 INFO  - Closing browser
